[2016-07-17 16:45:29]	万科 nz->key_ngs
[2016-07-17 16:45:29]	开心 a->happ
[2016-07-17 16:45:29]	幸福 a->happ
[2016-07-17 16:45:29]	遗憾 a->sorr
[2016-07-17 16:45:29]	长春 ns->nz
[2016-07-17 16:45:29]	万科 nz->nt
[2016-07-17 16:45:29]	阿里巴巴 nz->nt
[2016-07-17 16:45:29]	阿里 nrf->nt
[2016-07-17 16:45:29]	大唐 nz->nt
[2016-07-17 16:45:29]	三星 n->nt
[2016-07-17 16:45:29]	科林 nrf->nt
[2016-07-17 16:45:29]	戴尔 nrf->nt
[2016-07-17 16:45:29]	阿布扎比 nrf->nsf
[2016-07-17 16:45:29]	阿皮亚 n->nsf
[2016-07-17 16:45:29]	安塔拉 nrf->gain
[2016-07-17 16:45:29]	奥古斯塔 nrf->nsf
[2016-07-17 16:45:29]	北川 nrj->ns
[2016-07-17 16:45:29]	长岛 n->nsf
[2016-07-17 16:45:29]	大公报 n->gnhk
[2016-07-17 16:45:29]	俄通社 nt->gars
[2016-07-17 16:45:29]	二连浩特 n->ns
[2016-07-17 16:45:29]	法新社 nt->gafr
[2016-07-17 16:45:29]	桂阳 n->ns
[2016-07-17 16:45:29]	贵池 n->ns
[2016-07-17 16:45:29]	海口 n->ns
[2016-07-17 16:45:29]	河源 n->ns
[2016-07-17 16:45:29]	鹤壁 n->ns
[2016-07-17 16:45:29]	徽县 n->ns
[2016-07-17 16:45:29]	徽州 n->ns
[2016-07-17 16:45:29]	霍林郭勒 n->ns
[2016-07-17 16:45:29]	解放军报 n->gnqg
[2016-07-17 16:45:29]	金边 n->nsf
[2016-07-17 16:45:29]	金融界 n->gwcj
[2016-07-17 16:45:29]	今晚报 n->gntj
[2016-07-17 16:45:29]	津市 n->ns
[2016-07-17 16:45:29]	肯塔基 n->nsf
[2016-07-17 16:45:29]	快报 n->gnhk
[2016-07-17 16:45:29]	奎屯 n->ns
[2016-07-17 16:45:29]	联合报 n->gntw
[2016-07-17 16:45:29]	涟源 n->ns
[2016-07-17 16:45:29]	辽源 n->ns
[2016-07-17 16:45:29]	路透社 nt->gauk
[2016-07-17 16:45:29]	美联社 n->gaus
[2016-07-17 16:45:29]	南阳 nr->ns
[2016-07-17 16:45:29]	浦江 n->ns
[2016-07-17 16:45:29]	黔西南 b->ns
[2016-07-17 16:45:29]	青年报 n->gnsh
[2016-07-17 16:45:29]	曲阳县 n->ns
[2016-07-17 16:45:29]	人民报 n->gnhk
[2016-07-17 16:45:29]	人民日报 nz->gnqg
[2016-07-17 16:45:29]	任丘 n->ns
[2016-07-17 16:45:29]	汝州 n->ns
[2016-07-17 16:45:29]	瑞安 nrf->ns
[2016-07-17 16:45:29]	商学院 n->gwot
[2016-07-17 16:45:29]	申报 v->gnzy
[2016-07-17 16:45:29]	生活报 n->gnhl
[2016-07-17 16:45:29]	市场报 n->gnbj
[2016-07-17 16:45:29]	市南区 n->ns
[2016-07-17 16:45:29]	搜狐 n->gwz
[2016-07-17 16:45:29]	遂宁 n->ns
[2016-07-17 16:45:29]	塘沽区 n->ns
[2016-07-17 16:45:29]	特立尼达和多巴哥 nz->nsf
[2016-07-17 16:45:29]	图瓦卢 n->nsf
[2016-07-17 16:45:29]	网易 nz->gwz
[2016-07-17 16:45:29]	威斯康星 nz->nsf
[2016-07-17 16:45:29]	文汇报 nz->gnhk
[2016-07-17 16:45:29]	文萃 n->gnhun
[2016-07-17 16:45:29]	新华社 nt->gacn
[2016-07-17 16:45:29]	新华网 nt->gwz
[2016-07-17 16:45:29]	新浪 nz->gwz
[2016-07-17 16:45:29]	沂源 n->ns
[2016-07-17 16:45:29]	鹰潭 n->ns
[2016-07-17 16:45:29]	中华网 nt->gwz
[2016-07-17 16:45:29]	中新网 nt->gwot
[2016-07-17 16:45:29]	中央电视台 nt->gtqg
[2016-07-17 16:45:29]	中央人民广播电台 nt->grqg
[2016-07-17 16:45:29]	瑙鲁 n->nsf
[2016-07-17 16:45:29]	滕州 n->ns
[2016-07-17 16:45:29]	红烧肉 n->gms
[2016-07-17 16:45:29]	饺子 n->gms
[2016-07-17 16:45:29]	鱼香肉丝 n->gms
[2016-07-17 16:45:29]	包子 n->gms
[2016-07-17 16:45:29]	炸酱面 n->gms
[2016-07-17 16:45:29]	煎饼 n->gms
[2016-07-17 16:45:29]	炒面 n->gms
[2016-07-17 16:45:29]	回锅肉 n->gms
[2016-07-17 16:45:29]	蛋炒饭 n->gms
[2016-07-17 16:45:29]	鸡汤 n->gms
[2016-07-17 16:45:29]	馒头 n->gms
[2016-07-17 16:45:29]	奶茶 n->gms
[2016-07-17 16:45:29]	麻辣烫 n->gms
[2016-07-17 16:45:29]	馄饨 n->gms
[2016-07-17 16:45:29]	凉面 n->gms
[2016-07-17 16:45:29]	东坡肉 n->gms
[2016-07-17 16:45:29]	鸡蛋羹 n->gms
[2016-07-17 16:45:29]	冰激凌 n->gms
[2016-07-17 16:45:29]	沙拉 n->gms
[2016-07-17 16:45:29]	肉丸 n->gms
[2016-07-17 16:45:29]	土豆泥 n->gms
[2016-07-17 16:45:29]	花卷 n->gms
[2016-07-17 16:45:29]	油条 n->gms
[2016-07-17 16:45:29]	发糕 n->gms
[2016-07-17 16:45:29]	粉蒸肉 n->gms
[2016-07-17 16:45:29]	酸辣汤 n->gms
[2016-07-17 16:45:29]	玉米饼 n->gms
[2016-07-17 16:45:29]	茶叶蛋 n->gms
[2016-07-17 16:45:29]	糖醋鱼 n->gms
[2016-07-17 16:45:29]	葡萄酒 n->gms
[2016-07-17 16:45:29]	臭豆腐 n->gms
[2016-07-17 16:45:29]	汉堡 nsf->gms
[2016-07-17 16:45:29]	回锅肉 n->gms
[2016-07-17 16:45:29]	辣椒油 n->gms
[2016-07-17 16:45:29]	烧卖 n->gms
[2016-07-17 16:45:29]	方便面 n->gms
[2016-07-17 16:45:29]	春卷 n->gms
[2016-07-17 16:45:29]	牛肉面 n->gms
[2016-07-17 16:45:29]	豆腐脑 n->gms
[2016-07-17 16:45:29]	鸡蛋糕 n->gms
[2016-07-17 16:45:29]	腊肉 n->gms
[2016-07-17 16:45:29]	腊八粥 n->gms
[2016-07-17 16:45:29]	派 n->gms
[2016-07-17 16:45:30]	窝窝头 n->gms
[2016-07-17 16:45:30]	阳春面 n->gms
[2016-07-17 16:45:30]	葱花饼 n->gms
[2016-07-17 16:45:30]	酸梅汤 n->gms
[2016-07-17 16:45:30]	熘肝尖 n->gms
[2016-07-17 16:45:30]	辣椒酱 n->gms
[2016-07-17 16:45:30]	八宝粥 n->gms
[2016-07-17 16:45:30]	锅贴 n->gms
[2016-07-17 16:45:30]	爆米花 n->gms
[2016-07-17 16:45:30]	烤鸭 n->gms
[2016-07-17 16:45:30]	烤羊肉串 n->gms
[2016-07-17 16:45:30]	面茶 n->gms
[2016-07-17 16:45:30]	烤羊肉串 n->gms
[2016-07-17 16:45:30]	热气球 n->gjtgj
[2016-07-17 16:45:30]	班机 n->gjtgj
[2016-07-17 16:45:30]	班轮 n->gjtgj
[2016-07-17 16:45:30]	出租汽车 nl->gjtgj
[2016-07-17 16:45:30]	船 n->gjtgj
[2016-07-17 16:45:30]	大客车 n->gjtgj
[2016-07-17 16:45:30]	地铁 n->gjtgj
[2016-07-17 16:45:30]	电车 n->gjtgj
[2016-07-17 16:45:30]	帆船 n->gjtgj
[2016-07-17 16:45:30]	飞机 n->gjtgj
[2016-07-17 16:45:30]	火车 n->gjtgj
[2016-07-17 16:45:30]	救生圈 n->gjtgj
[2016-07-17 16:45:30]	救生艇 n->gjtgj
[2016-07-17 16:45:30]	客机 n->gjtgj
[2016-07-17 16:45:30]	喷气机 n->gjtgj
[2016-07-17 16:45:30]	气垫船 n->gjtgj
[2016-07-17 16:45:30]	无轨电车 nl->gjtgj
[2016-07-17 16:45:30]	邮轮 n->gjtgj
[2016-07-17 16:45:30]	游船 n->gjtgj
[2016-07-17 16:45:30]	轮船 n->gjtgj
[2016-07-17 16:49:41]	万科 nz->key_ngs
[2016-07-17 16:49:41]	开心 a->happ
[2016-07-17 16:49:41]	幸福 a->happ
[2016-07-17 16:49:41]	遗憾 a->sorr
[2016-07-17 16:49:41]	长春 ns->nz
[2016-07-17 16:49:41]	万科 nz->nt
[2016-07-17 16:49:41]	阿里巴巴 nz->nt
[2016-07-17 16:49:41]	阿里 nrf->nt
[2016-07-17 16:49:41]	大唐 nz->nt
[2016-07-17 16:49:41]	三星 n->nt
[2016-07-17 16:49:41]	科林 nrf->nt
[2016-07-17 16:49:41]	戴尔 nrf->nt
[2016-07-17 16:49:41]	阿布扎比 nrf->nsf
[2016-07-17 16:49:41]	阿皮亚 n->nsf
[2016-07-17 16:49:41]	安塔拉 nrf->gain
[2016-07-17 16:49:41]	奥古斯塔 nrf->nsf
[2016-07-17 16:49:41]	北川 nrj->ns
[2016-07-17 16:49:41]	长岛 n->nsf
[2016-07-17 16:49:41]	大公报 n->gnhk
[2016-07-17 16:49:41]	俄通社 nt->gars
[2016-07-17 16:49:41]	二连浩特 n->ns
[2016-07-17 16:49:41]	法新社 nt->gafr
[2016-07-17 16:49:41]	桂阳 n->ns
[2016-07-17 16:49:41]	贵池 n->ns
[2016-07-17 16:49:41]	海口 n->ns
[2016-07-17 16:49:41]	河源 n->ns
[2016-07-17 16:49:41]	鹤壁 n->ns
[2016-07-17 16:49:41]	徽县 n->ns
[2016-07-17 16:49:41]	徽州 n->ns
[2016-07-17 16:49:41]	霍林郭勒 n->ns
[2016-07-17 16:49:41]	解放军报 n->gnqg
[2016-07-17 16:49:41]	金边 n->nsf
[2016-07-17 16:49:41]	金融界 n->gwcj
[2016-07-17 16:49:41]	今晚报 n->gntj
[2016-07-17 16:49:41]	津市 n->ns
[2016-07-17 16:49:41]	肯塔基 n->nsf
[2016-07-17 16:49:41]	快报 n->gnhk
[2016-07-17 16:49:41]	奎屯 n->ns
[2016-07-17 16:49:41]	联合报 n->gntw
[2016-07-17 16:49:41]	涟源 n->ns
[2016-07-17 16:49:41]	辽源 n->ns
[2016-07-17 16:49:41]	路透社 nt->gauk
[2016-07-17 16:49:41]	美联社 n->gaus
[2016-07-17 16:49:41]	南阳 nr->ns
[2016-07-17 16:49:41]	浦江 n->ns
[2016-07-17 16:49:41]	黔西南 b->ns
[2016-07-17 16:49:41]	青年报 n->gnsh
[2016-07-17 16:49:41]	曲阳县 n->ns
[2016-07-17 16:49:41]	人民报 n->gnhk
[2016-07-17 16:49:41]	人民日报 nz->gnqg
[2016-07-17 16:49:41]	任丘 n->ns
[2016-07-17 16:49:41]	汝州 n->ns
[2016-07-17 16:49:41]	瑞安 nrf->ns
[2016-07-17 16:49:41]	商学院 n->gwot
[2016-07-17 16:49:41]	申报 v->gnzy
[2016-07-17 16:49:41]	生活报 n->gnhl
[2016-07-17 16:49:41]	市场报 n->gnbj
[2016-07-17 16:49:41]	市南区 n->ns
[2016-07-17 16:49:41]	搜狐 n->gwz
[2016-07-17 16:49:41]	遂宁 n->ns
[2016-07-17 16:49:41]	塘沽区 n->ns
[2016-07-17 16:49:41]	特立尼达和多巴哥 nz->nsf
[2016-07-17 16:49:41]	图瓦卢 n->nsf
[2016-07-17 16:49:41]	网易 nz->gwz
[2016-07-17 16:49:41]	威斯康星 nz->nsf
[2016-07-17 16:49:41]	文汇报 nz->gnhk
[2016-07-17 16:49:41]	文萃 n->gnhun
[2016-07-17 16:49:41]	新华社 nt->gacn
[2016-07-17 16:49:41]	新华网 nt->gwz
[2016-07-17 16:49:41]	新浪 nz->gwz
[2016-07-17 16:49:41]	沂源 n->ns
[2016-07-17 16:49:41]	鹰潭 n->ns
[2016-07-17 16:49:41]	中华网 nt->gwz
[2016-07-17 16:49:41]	中新网 nt->gwot
[2016-07-17 16:49:41]	中央电视台 nt->gtqg
[2016-07-17 16:49:41]	中央人民广播电台 nt->grqg
[2016-07-17 16:49:41]	瑙鲁 n->nsf
[2016-07-17 16:49:41]	滕州 n->ns
[2016-07-17 16:49:41]	红烧肉 n->gms
[2016-07-17 16:49:41]	饺子 n->gms
[2016-07-17 16:49:41]	鱼香肉丝 n->gms
[2016-07-17 16:49:41]	包子 n->gms
[2016-07-17 16:49:41]	炸酱面 n->gms
[2016-07-17 16:49:41]	煎饼 n->gms
[2016-07-17 16:49:41]	炒面 n->gms
[2016-07-17 16:49:41]	回锅肉 n->gms
[2016-07-17 16:49:41]	蛋炒饭 n->gms
[2016-07-17 16:49:41]	鸡汤 n->gms
[2016-07-17 16:49:41]	馒头 n->gms
[2016-07-17 16:49:41]	奶茶 n->gms
[2016-07-17 16:49:41]	麻辣烫 n->gms
[2016-07-17 16:49:41]	馄饨 n->gms
[2016-07-17 16:49:41]	凉面 n->gms
[2016-07-17 16:49:41]	东坡肉 n->gms
[2016-07-17 16:49:41]	鸡蛋羹 n->gms
[2016-07-17 16:49:41]	冰激凌 n->gms
[2016-07-17 16:49:41]	沙拉 n->gms
[2016-07-17 16:49:41]	肉丸 n->gms
[2016-07-17 16:49:41]	土豆泥 n->gms
[2016-07-17 16:49:41]	花卷 n->gms
[2016-07-17 16:49:41]	油条 n->gms
[2016-07-17 16:49:41]	发糕 n->gms
[2016-07-17 16:49:41]	粉蒸肉 n->gms
[2016-07-17 16:49:41]	酸辣汤 n->gms
[2016-07-17 16:49:41]	玉米饼 n->gms
[2016-07-17 16:49:41]	茶叶蛋 n->gms
[2016-07-17 16:49:41]	糖醋鱼 n->gms
[2016-07-17 16:49:41]	葡萄酒 n->gms
[2016-07-17 16:49:41]	臭豆腐 n->gms
[2016-07-17 16:49:41]	汉堡 nsf->gms
[2016-07-17 16:49:41]	回锅肉 n->gms
[2016-07-17 16:49:41]	辣椒油 n->gms
[2016-07-17 16:49:41]	烧卖 n->gms
[2016-07-17 16:49:41]	方便面 n->gms
[2016-07-17 16:49:41]	春卷 n->gms
[2016-07-17 16:49:41]	牛肉面 n->gms
[2016-07-17 16:49:41]	豆腐脑 n->gms
[2016-07-17 16:49:41]	鸡蛋糕 n->gms
[2016-07-17 16:49:41]	腊肉 n->gms
[2016-07-17 16:49:41]	腊八粥 n->gms
[2016-07-17 16:49:41]	派 n->gms
[2016-07-17 16:49:41]	窝窝头 n->gms
[2016-07-17 16:49:41]	阳春面 n->gms
[2016-07-17 16:49:41]	葱花饼 n->gms
[2016-07-17 16:49:41]	酸梅汤 n->gms
[2016-07-17 16:49:41]	熘肝尖 n->gms
[2016-07-17 16:49:41]	辣椒酱 n->gms
[2016-07-17 16:49:41]	八宝粥 n->gms
[2016-07-17 16:49:41]	锅贴 n->gms
[2016-07-17 16:49:41]	爆米花 n->gms
[2016-07-17 16:49:41]	烤鸭 n->gms
[2016-07-17 16:49:41]	烤羊肉串 n->gms
[2016-07-17 16:49:41]	面茶 n->gms
[2016-07-17 16:49:41]	烤羊肉串 n->gms
[2016-07-17 16:49:41]	热气球 n->gjtgj
[2016-07-17 16:49:41]	班机 n->gjtgj
[2016-07-17 16:49:41]	班轮 n->gjtgj
[2016-07-17 16:49:41]	出租汽车 nl->gjtgj
[2016-07-17 16:49:41]	船 n->gjtgj
[2016-07-17 16:49:41]	大客车 n->gjtgj
[2016-07-17 16:49:41]	地铁 n->gjtgj
[2016-07-17 16:49:41]	电车 n->gjtgj
[2016-07-17 16:49:41]	帆船 n->gjtgj
[2016-07-17 16:49:41]	飞机 n->gjtgj
[2016-07-17 16:49:41]	火车 n->gjtgj
[2016-07-17 16:49:41]	救生圈 n->gjtgj
[2016-07-17 16:49:41]	救生艇 n->gjtgj
[2016-07-17 16:49:41]	客机 n->gjtgj
[2016-07-17 16:49:41]	喷气机 n->gjtgj
[2016-07-17 16:49:41]	气垫船 n->gjtgj
[2016-07-17 16:49:41]	无轨电车 nl->gjtgj
[2016-07-17 16:49:41]	邮轮 n->gjtgj
[2016-07-17 16:49:41]	游船 n->gjtgj
[2016-07-17 16:49:41]	轮船 n->gjtgj
[2016-07-17 16:50:15]	万科 nz->key_ngs
[2016-07-17 16:50:15]	开心 a->happ
[2016-07-17 16:50:15]	幸福 a->happ
[2016-07-17 16:50:15]	遗憾 a->sorr
[2016-07-17 16:50:15]	长春 ns->nz
[2016-07-17 16:50:15]	万科 nz->nt
[2016-07-17 16:50:15]	阿里巴巴 nz->nt
[2016-07-17 16:50:15]	阿里 nrf->nt
[2016-07-17 16:50:15]	大唐 nz->nt
[2016-07-17 16:50:15]	三星 n->nt
[2016-07-17 16:50:15]	科林 nrf->nt
[2016-07-17 16:50:15]	戴尔 nrf->nt
[2016-07-17 16:50:15]	阿布扎比 nrf->nsf
[2016-07-17 16:50:15]	阿皮亚 n->nsf
[2016-07-17 16:50:15]	安塔拉 nrf->gain
[2016-07-17 16:50:15]	奥古斯塔 nrf->nsf
[2016-07-17 16:50:15]	北川 nrj->ns
[2016-07-17 16:50:15]	长岛 n->nsf
[2016-07-17 16:50:15]	大公报 n->gnhk
[2016-07-17 16:50:15]	俄通社 nt->gars
[2016-07-17 16:50:15]	二连浩特 n->ns
[2016-07-17 16:50:15]	法新社 nt->gafr
[2016-07-17 16:50:15]	桂阳 n->ns
[2016-07-17 16:50:15]	贵池 n->ns
[2016-07-17 16:50:15]	海口 n->ns
[2016-07-17 16:50:15]	河源 n->ns
[2016-07-17 16:50:15]	鹤壁 n->ns
[2016-07-17 16:50:15]	徽县 n->ns
[2016-07-17 16:50:15]	徽州 n->ns
[2016-07-17 16:50:15]	霍林郭勒 n->ns
[2016-07-17 16:50:15]	解放军报 n->gnqg
[2016-07-17 16:50:15]	金边 n->nsf
[2016-07-17 16:50:15]	金融界 n->gwcj
[2016-07-17 16:50:15]	今晚报 n->gntj
[2016-07-17 16:50:15]	津市 n->ns
[2016-07-17 16:50:15]	肯塔基 n->nsf
[2016-07-17 16:50:15]	快报 n->gnhk
[2016-07-17 16:50:15]	奎屯 n->ns
[2016-07-17 16:50:15]	联合报 n->gntw
[2016-07-17 16:50:15]	涟源 n->ns
[2016-07-17 16:50:15]	辽源 n->ns
[2016-07-17 16:50:15]	路透社 nt->gauk
[2016-07-17 16:50:15]	美联社 n->gaus
[2016-07-17 16:50:15]	南阳 nr->ns
[2016-07-17 16:50:15]	浦江 n->ns
[2016-07-17 16:50:15]	黔西南 b->ns
[2016-07-17 16:50:15]	青年报 n->gnsh
[2016-07-17 16:50:15]	曲阳县 n->ns
[2016-07-17 16:50:15]	人民报 n->gnhk
[2016-07-17 16:50:15]	人民日报 nz->gnqg
[2016-07-17 16:50:15]	任丘 n->ns
[2016-07-17 16:50:15]	汝州 n->ns
[2016-07-17 16:50:15]	瑞安 nrf->ns
[2016-07-17 16:50:15]	商学院 n->gwot
[2016-07-17 16:50:15]	申报 v->gnzy
[2016-07-17 16:50:15]	生活报 n->gnhl
[2016-07-17 16:50:15]	市场报 n->gnbj
[2016-07-17 16:50:15]	市南区 n->ns
[2016-07-17 16:50:15]	搜狐 n->gwz
[2016-07-17 16:50:15]	遂宁 n->ns
[2016-07-17 16:50:15]	塘沽区 n->ns
[2016-07-17 16:50:15]	特立尼达和多巴哥 nz->nsf
[2016-07-17 16:50:15]	图瓦卢 n->nsf
[2016-07-17 16:50:15]	网易 nz->gwz
[2016-07-17 16:50:15]	威斯康星 nz->nsf
[2016-07-17 16:50:15]	文汇报 nz->gnhk
[2016-07-17 16:50:15]	文萃 n->gnhun
[2016-07-17 16:50:15]	新华社 nt->gacn
[2016-07-17 16:50:15]	新华网 nt->gwz
[2016-07-17 16:50:15]	新浪 nz->gwz
[2016-07-17 16:50:15]	沂源 n->ns
[2016-07-17 16:50:15]	鹰潭 n->ns
[2016-07-17 16:50:15]	中华网 nt->gwz
[2016-07-17 16:50:15]	中新网 nt->gwot
[2016-07-17 16:50:15]	中央电视台 nt->gtqg
[2016-07-17 16:50:15]	中央人民广播电台 nt->grqg
[2016-07-17 16:50:15]	瑙鲁 n->nsf
[2016-07-17 16:50:15]	滕州 n->ns
[2016-07-17 16:50:15]	红烧肉 n->gms
[2016-07-17 16:50:15]	饺子 n->gms
[2016-07-17 16:50:15]	鱼香肉丝 n->gms
[2016-07-17 16:50:15]	包子 n->gms
[2016-07-17 16:50:15]	炸酱面 n->gms
[2016-07-17 16:50:15]	煎饼 n->gms
[2016-07-17 16:50:15]	炒面 n->gms
[2016-07-17 16:50:15]	回锅肉 n->gms
[2016-07-17 16:50:15]	蛋炒饭 n->gms
[2016-07-17 16:50:15]	鸡汤 n->gms
[2016-07-17 16:50:15]	馒头 n->gms
[2016-07-17 16:50:15]	奶茶 n->gms
[2016-07-17 16:50:15]	麻辣烫 n->gms
[2016-07-17 16:50:15]	馄饨 n->gms
[2016-07-17 16:50:15]	凉面 n->gms
[2016-07-17 16:50:15]	东坡肉 n->gms
[2016-07-17 16:50:15]	鸡蛋羹 n->gms
[2016-07-17 16:50:15]	冰激凌 n->gms
[2016-07-17 16:50:15]	沙拉 n->gms
[2016-07-17 16:50:15]	肉丸 n->gms
[2016-07-17 16:50:15]	土豆泥 n->gms
[2016-07-17 16:50:15]	花卷 n->gms
[2016-07-17 16:50:15]	油条 n->gms
[2016-07-17 16:50:15]	发糕 n->gms
[2016-07-17 16:50:15]	粉蒸肉 n->gms
[2016-07-17 16:50:15]	酸辣汤 n->gms
[2016-07-17 16:50:15]	玉米饼 n->gms
[2016-07-17 16:50:15]	茶叶蛋 n->gms
[2016-07-17 16:50:15]	糖醋鱼 n->gms
[2016-07-17 16:50:15]	葡萄酒 n->gms
[2016-07-17 16:50:15]	臭豆腐 n->gms
[2016-07-17 16:50:15]	汉堡 nsf->gms
[2016-07-17 16:50:15]	回锅肉 n->gms
[2016-07-17 16:50:15]	辣椒油 n->gms
[2016-07-17 16:50:15]	烧卖 n->gms
[2016-07-17 16:50:15]	方便面 n->gms
[2016-07-17 16:50:15]	春卷 n->gms
[2016-07-17 16:50:15]	牛肉面 n->gms
[2016-07-17 16:50:15]	豆腐脑 n->gms
[2016-07-17 16:50:15]	鸡蛋糕 n->gms
[2016-07-17 16:50:15]	腊肉 n->gms
[2016-07-17 16:50:15]	腊八粥 n->gms
[2016-07-17 16:50:15]	派 n->gms
[2016-07-17 16:50:15]	窝窝头 n->gms
[2016-07-17 16:50:15]	阳春面 n->gms
[2016-07-17 16:50:15]	葱花饼 n->gms
[2016-07-17 16:50:15]	酸梅汤 n->gms
[2016-07-17 16:50:15]	熘肝尖 n->gms
[2016-07-17 16:50:15]	辣椒酱 n->gms
[2016-07-17 16:50:15]	八宝粥 n->gms
[2016-07-17 16:50:15]	锅贴 n->gms
[2016-07-17 16:50:15]	爆米花 n->gms
[2016-07-17 16:50:15]	烤鸭 n->gms
[2016-07-17 16:50:15]	烤羊肉串 n->gms
[2016-07-17 16:50:15]	面茶 n->gms
[2016-07-17 16:50:15]	烤羊肉串 n->gms
[2016-07-17 16:50:15]	热气球 n->gjtgj
[2016-07-17 16:50:15]	班机 n->gjtgj
[2016-07-17 16:50:15]	班轮 n->gjtgj
[2016-07-17 16:50:15]	出租汽车 nl->gjtgj
[2016-07-17 16:50:15]	船 n->gjtgj
[2016-07-17 16:50:15]	大客车 n->gjtgj
[2016-07-17 16:50:15]	地铁 n->gjtgj
[2016-07-17 16:50:15]	电车 n->gjtgj
[2016-07-17 16:50:15]	帆船 n->gjtgj
[2016-07-17 16:50:15]	飞机 n->gjtgj
[2016-07-17 16:50:15]	火车 n->gjtgj
[2016-07-17 16:50:15]	救生圈 n->gjtgj
[2016-07-17 16:50:15]	救生艇 n->gjtgj
[2016-07-17 16:50:15]	客机 n->gjtgj
[2016-07-17 16:50:15]	喷气机 n->gjtgj
[2016-07-17 16:50:15]	气垫船 n->gjtgj
[2016-07-17 16:50:15]	无轨电车 nl->gjtgj
[2016-07-17 16:50:15]	邮轮 n->gjtgj
[2016-07-17 16:50:15]	游船 n->gjtgj
[2016-07-17 16:50:15]	轮船 n->gjtgj
[2016-07-17 18:58:05]	万科 nz->key_ngs
[2016-07-17 18:58:05]	开心 a->happ
[2016-07-17 18:58:05]	幸福 a->happ
[2016-07-17 18:58:05]	遗憾 a->sorr
[2016-07-17 18:58:05]	长春 ns->nz
[2016-07-17 18:58:05]	万科 nz->nt
[2016-07-17 18:58:05]	阿里巴巴 nz->nt
[2016-07-17 18:58:05]	阿里 nrf->nt
[2016-07-17 18:58:05]	大唐 nz->nt
[2016-07-17 18:58:05]	三星 n->nt
[2016-07-17 18:58:05]	科林 nrf->nt
[2016-07-17 18:58:05]	戴尔 nrf->nt
[2016-07-17 18:58:05]	阿布扎比 nrf->nsf
[2016-07-17 18:58:05]	阿皮亚 n->nsf
[2016-07-17 18:58:05]	安塔拉 nrf->gain
[2016-07-17 18:58:05]	奥古斯塔 nrf->nsf
[2016-07-17 18:58:05]	北川 nrj->ns
[2016-07-17 18:58:05]	长岛 n->nsf
[2016-07-17 18:58:05]	大公报 n->gnhk
[2016-07-17 18:58:05]	俄通社 nt->gars
[2016-07-17 18:58:05]	二连浩特 n->ns
[2016-07-17 18:58:05]	法新社 nt->gafr
[2016-07-17 18:58:05]	桂阳 n->ns
[2016-07-17 18:58:05]	贵池 n->ns
[2016-07-17 18:58:05]	海口 n->ns
[2016-07-17 18:58:05]	河源 n->ns
[2016-07-17 18:58:05]	鹤壁 n->ns
[2016-07-17 18:58:05]	徽县 n->ns
[2016-07-17 18:58:05]	徽州 n->ns
[2016-07-17 18:58:05]	霍林郭勒 n->ns
[2016-07-17 18:58:05]	解放军报 n->gnqg
[2016-07-17 18:58:05]	金边 n->nsf
[2016-07-17 18:58:05]	金融界 n->gwcj
[2016-07-17 18:58:05]	今晚报 n->gntj
[2016-07-17 18:58:05]	津市 n->ns
[2016-07-17 18:58:05]	肯塔基 n->nsf
[2016-07-17 18:58:05]	快报 n->gnhk
[2016-07-17 18:58:05]	奎屯 n->ns
[2016-07-17 18:58:05]	联合报 n->gntw
[2016-07-17 18:58:05]	涟源 n->ns
[2016-07-17 18:58:05]	辽源 n->ns
[2016-07-17 18:58:05]	路透社 nt->gauk
[2016-07-17 18:58:05]	美联社 n->gaus
[2016-07-17 18:58:05]	南阳 nr->ns
[2016-07-17 18:58:05]	浦江 n->ns
[2016-07-17 18:58:05]	黔西南 b->ns
[2016-07-17 18:58:05]	青年报 n->gnsh
[2016-07-17 18:58:05]	曲阳县 n->ns
[2016-07-17 18:58:05]	人民报 n->gnhk
[2016-07-17 18:58:05]	人民日报 nz->gnqg
[2016-07-17 18:58:05]	任丘 n->ns
[2016-07-17 18:58:05]	汝州 n->ns
[2016-07-17 18:58:05]	瑞安 nrf->ns
[2016-07-17 18:58:05]	商学院 n->gwot
[2016-07-17 18:58:05]	申报 v->gnzy
[2016-07-17 18:58:05]	生活报 n->gnhl
[2016-07-17 18:58:05]	市场报 n->gnbj
[2016-07-17 18:58:05]	市南区 n->ns
[2016-07-17 18:58:05]	搜狐 n->gwz
[2016-07-17 18:58:05]	遂宁 n->ns
[2016-07-17 18:58:05]	塘沽区 n->ns
[2016-07-17 18:58:05]	特立尼达和多巴哥 nz->nsf
[2016-07-17 18:58:05]	图瓦卢 n->nsf
[2016-07-17 18:58:05]	网易 nz->gwz
[2016-07-17 18:58:05]	威斯康星 nz->nsf
[2016-07-17 18:58:05]	文汇报 nz->gnhk
[2016-07-17 18:58:05]	文萃 n->gnhun
[2016-07-17 18:58:05]	新华社 nt->gacn
[2016-07-17 18:58:05]	新华网 nt->gwz
[2016-07-17 18:58:05]	新浪 nz->gwz
[2016-07-17 18:58:05]	沂源 n->ns
[2016-07-17 18:58:05]	鹰潭 n->ns
[2016-07-17 18:58:05]	中华网 nt->gwz
[2016-07-17 18:58:05]	中新网 nt->gwot
[2016-07-17 18:58:05]	中央电视台 nt->gtqg
[2016-07-17 18:58:05]	中央人民广播电台 nt->grqg
[2016-07-17 18:58:05]	瑙鲁 n->nsf
[2016-07-17 18:58:05]	滕州 n->ns
[2016-07-17 18:58:05]	红烧肉 n->gms
[2016-07-17 18:58:05]	饺子 n->gms
[2016-07-17 18:58:05]	鱼香肉丝 n->gms
[2016-07-17 18:58:05]	包子 n->gms
[2016-07-17 18:58:05]	炸酱面 n->gms
[2016-07-17 18:58:05]	煎饼 n->gms
[2016-07-17 18:58:05]	炒面 n->gms
[2016-07-17 18:58:05]	回锅肉 n->gms
[2016-07-17 18:58:05]	蛋炒饭 n->gms
[2016-07-17 18:58:05]	鸡汤 n->gms
[2016-07-17 18:58:05]	馒头 n->gms
[2016-07-17 18:58:05]	奶茶 n->gms
[2016-07-17 18:58:05]	麻辣烫 n->gms
[2016-07-17 18:58:05]	馄饨 n->gms
[2016-07-17 18:58:05]	凉面 n->gms
[2016-07-17 18:58:05]	东坡肉 n->gms
[2016-07-17 18:58:05]	鸡蛋羹 n->gms
[2016-07-17 18:58:05]	冰激凌 n->gms
[2016-07-17 18:58:05]	沙拉 n->gms
[2016-07-17 18:58:05]	肉丸 n->gms
[2016-07-17 18:58:05]	土豆泥 n->gms
[2016-07-17 18:58:05]	花卷 n->gms
[2016-07-17 18:58:05]	油条 n->gms
[2016-07-17 18:58:05]	发糕 n->gms
[2016-07-17 18:58:05]	粉蒸肉 n->gms
[2016-07-17 18:58:05]	酸辣汤 n->gms
[2016-07-17 18:58:05]	玉米饼 n->gms
[2016-07-17 18:58:05]	茶叶蛋 n->gms
[2016-07-17 18:58:05]	糖醋鱼 n->gms
[2016-07-17 18:58:05]	葡萄酒 n->gms
[2016-07-17 18:58:05]	臭豆腐 n->gms
[2016-07-17 18:58:05]	汉堡 nsf->gms
[2016-07-17 18:58:05]	回锅肉 n->gms
[2016-07-17 18:58:05]	辣椒油 n->gms
[2016-07-17 18:58:05]	烧卖 n->gms
[2016-07-17 18:58:05]	方便面 n->gms
[2016-07-17 18:58:05]	春卷 n->gms
[2016-07-17 18:58:05]	牛肉面 n->gms
[2016-07-17 18:58:05]	豆腐脑 n->gms
[2016-07-17 18:58:05]	鸡蛋糕 n->gms
[2016-07-17 18:58:05]	腊肉 n->gms
[2016-07-17 18:58:05]	腊八粥 n->gms
[2016-07-17 18:58:05]	派 n->gms
[2016-07-17 18:58:05]	窝窝头 n->gms
[2016-07-17 18:58:05]	阳春面 n->gms
[2016-07-17 18:58:05]	葱花饼 n->gms
[2016-07-17 18:58:05]	酸梅汤 n->gms
[2016-07-17 18:58:05]	熘肝尖 n->gms
[2016-07-17 18:58:05]	辣椒酱 n->gms
[2016-07-17 18:58:05]	八宝粥 n->gms
[2016-07-17 18:58:05]	锅贴 n->gms
[2016-07-17 18:58:05]	爆米花 n->gms
[2016-07-17 18:58:05]	烤鸭 n->gms
[2016-07-17 18:58:05]	烤羊肉串 n->gms
[2016-07-17 18:58:05]	面茶 n->gms
[2016-07-17 18:58:05]	烤羊肉串 n->gms
[2016-07-17 18:58:05]	热气球 n->gjtgj
[2016-07-17 18:58:05]	班机 n->gjtgj
[2016-07-17 18:58:05]	班轮 n->gjtgj
[2016-07-17 18:58:05]	出租汽车 nl->gjtgj
[2016-07-17 18:58:05]	船 n->gjtgj
[2016-07-17 18:58:05]	大客车 n->gjtgj
[2016-07-17 18:58:05]	地铁 n->gjtgj
[2016-07-17 18:58:05]	电车 n->gjtgj
[2016-07-17 18:58:05]	帆船 n->gjtgj
[2016-07-17 18:58:05]	飞机 n->gjtgj
[2016-07-17 18:58:05]	火车 n->gjtgj
[2016-07-17 18:58:05]	救生圈 n->gjtgj
[2016-07-17 18:58:05]	救生艇 n->gjtgj
[2016-07-17 18:58:05]	客机 n->gjtgj
[2016-07-17 18:58:05]	喷气机 n->gjtgj
[2016-07-17 18:58:05]	气垫船 n->gjtgj
[2016-07-17 18:58:05]	无轨电车 nl->gjtgj
[2016-07-17 18:58:05]	邮轮 n->gjtgj
[2016-07-17 18:58:05]	游船 n->gjtgj
[2016-07-17 18:58:05]	轮船 n->gjtgj
[2016-07-17 18:58:27]	万科 nz->key_ngs
[2016-07-17 18:58:27]	开心 a->happ
[2016-07-17 18:58:27]	幸福 a->happ
[2016-07-17 18:58:27]	遗憾 a->sorr
[2016-07-17 18:58:27]	长春 ns->nz
[2016-07-17 18:58:27]	万科 nz->nt
[2016-07-17 18:58:27]	阿里巴巴 nz->nt
[2016-07-17 18:58:27]	阿里 nrf->nt
[2016-07-17 18:58:27]	大唐 nz->nt
[2016-07-17 18:58:27]	三星 n->nt
[2016-07-17 18:58:27]	科林 nrf->nt
[2016-07-17 18:58:27]	戴尔 nrf->nt
[2016-07-17 18:58:27]	阿布扎比 nrf->nsf
[2016-07-17 18:58:27]	阿皮亚 n->nsf
[2016-07-17 18:58:27]	安塔拉 nrf->gain
[2016-07-17 18:58:27]	奥古斯塔 nrf->nsf
[2016-07-17 18:58:27]	北川 nrj->ns
[2016-07-17 18:58:27]	长岛 n->nsf
[2016-07-17 18:58:27]	大公报 n->gnhk
[2016-07-17 18:58:27]	俄通社 nt->gars
[2016-07-17 18:58:27]	二连浩特 n->ns
[2016-07-17 18:58:27]	法新社 nt->gafr
[2016-07-17 18:58:27]	桂阳 n->ns
[2016-07-17 18:58:27]	贵池 n->ns
[2016-07-17 18:58:27]	海口 n->ns
[2016-07-17 18:58:27]	河源 n->ns
[2016-07-17 18:58:27]	鹤壁 n->ns
[2016-07-17 18:58:27]	徽县 n->ns
[2016-07-17 18:58:27]	徽州 n->ns
[2016-07-17 18:58:27]	霍林郭勒 n->ns
[2016-07-17 18:58:27]	解放军报 n->gnqg
[2016-07-17 18:58:27]	金边 n->nsf
[2016-07-17 18:58:27]	金融界 n->gwcj
[2016-07-17 18:58:27]	今晚报 n->gntj
[2016-07-17 18:58:27]	津市 n->ns
[2016-07-17 18:58:27]	肯塔基 n->nsf
[2016-07-17 18:58:27]	快报 n->gnhk
[2016-07-17 18:58:27]	奎屯 n->ns
[2016-07-17 18:58:27]	联合报 n->gntw
[2016-07-17 18:58:27]	涟源 n->ns
[2016-07-17 18:58:27]	辽源 n->ns
[2016-07-17 18:58:27]	路透社 nt->gauk
[2016-07-17 18:58:27]	美联社 n->gaus
[2016-07-17 18:58:27]	南阳 nr->ns
[2016-07-17 18:58:27]	浦江 n->ns
[2016-07-17 18:58:27]	黔西南 b->ns
[2016-07-17 18:58:27]	青年报 n->gnsh
[2016-07-17 18:58:27]	曲阳县 n->ns
[2016-07-17 18:58:27]	人民报 n->gnhk
[2016-07-17 18:58:27]	人民日报 nz->gnqg
[2016-07-17 18:58:27]	任丘 n->ns
[2016-07-17 18:58:27]	汝州 n->ns
[2016-07-17 18:58:27]	瑞安 nrf->ns
[2016-07-17 18:58:27]	商学院 n->gwot
[2016-07-17 18:58:27]	申报 v->gnzy
[2016-07-17 18:58:27]	生活报 n->gnhl
[2016-07-17 18:58:27]	市场报 n->gnbj
[2016-07-17 18:58:27]	市南区 n->ns
[2016-07-17 18:58:27]	搜狐 n->gwz
[2016-07-17 18:58:27]	遂宁 n->ns
[2016-07-17 18:58:27]	塘沽区 n->ns
[2016-07-17 18:58:27]	特立尼达和多巴哥 nz->nsf
[2016-07-17 18:58:27]	图瓦卢 n->nsf
[2016-07-17 18:58:27]	网易 nz->gwz
[2016-07-17 18:58:27]	威斯康星 nz->nsf
[2016-07-17 18:58:27]	文汇报 nz->gnhk
[2016-07-17 18:58:27]	文萃 n->gnhun
[2016-07-17 18:58:27]	新华社 nt->gacn
[2016-07-17 18:58:27]	新华网 nt->gwz
[2016-07-17 18:58:27]	新浪 nz->gwz
[2016-07-17 18:58:27]	沂源 n->ns
[2016-07-17 18:58:27]	鹰潭 n->ns
[2016-07-17 18:58:27]	中华网 nt->gwz
[2016-07-17 18:58:27]	中新网 nt->gwot
[2016-07-17 18:58:27]	中央电视台 nt->gtqg
[2016-07-17 18:58:27]	中央人民广播电台 nt->grqg
[2016-07-17 18:58:27]	瑙鲁 n->nsf
[2016-07-17 18:58:27]	滕州 n->ns
[2016-07-17 18:58:27]	红烧肉 n->gms
[2016-07-17 18:58:27]	饺子 n->gms
[2016-07-17 18:58:27]	鱼香肉丝 n->gms
[2016-07-17 18:58:27]	包子 n->gms
[2016-07-17 18:58:27]	炸酱面 n->gms
[2016-07-17 18:58:27]	煎饼 n->gms
[2016-07-17 18:58:27]	炒面 n->gms
[2016-07-17 18:58:27]	回锅肉 n->gms
[2016-07-17 18:58:27]	蛋炒饭 n->gms
[2016-07-17 18:58:27]	鸡汤 n->gms
[2016-07-17 18:58:27]	馒头 n->gms
[2016-07-17 18:58:27]	奶茶 n->gms
[2016-07-17 18:58:27]	麻辣烫 n->gms
[2016-07-17 18:58:27]	馄饨 n->gms
[2016-07-17 18:58:27]	凉面 n->gms
[2016-07-17 18:58:27]	东坡肉 n->gms
[2016-07-17 18:58:27]	鸡蛋羹 n->gms
[2016-07-17 18:58:27]	冰激凌 n->gms
[2016-07-17 18:58:27]	沙拉 n->gms
[2016-07-17 18:58:27]	肉丸 n->gms
[2016-07-17 18:58:27]	土豆泥 n->gms
[2016-07-17 18:58:27]	花卷 n->gms
[2016-07-17 18:58:27]	油条 n->gms
[2016-07-17 18:58:27]	发糕 n->gms
[2016-07-17 18:58:27]	粉蒸肉 n->gms
[2016-07-17 18:58:27]	酸辣汤 n->gms
[2016-07-17 18:58:27]	玉米饼 n->gms
[2016-07-17 18:58:27]	茶叶蛋 n->gms
[2016-07-17 18:58:27]	糖醋鱼 n->gms
[2016-07-17 18:58:27]	葡萄酒 n->gms
[2016-07-17 18:58:27]	臭豆腐 n->gms
[2016-07-17 18:58:27]	汉堡 nsf->gms
[2016-07-17 18:58:27]	回锅肉 n->gms
[2016-07-17 18:58:27]	辣椒油 n->gms
[2016-07-17 18:58:27]	烧卖 n->gms
[2016-07-17 18:58:27]	方便面 n->gms
[2016-07-17 18:58:27]	春卷 n->gms
[2016-07-17 18:58:27]	牛肉面 n->gms
[2016-07-17 18:58:27]	豆腐脑 n->gms
[2016-07-17 18:58:27]	鸡蛋糕 n->gms
[2016-07-17 18:58:27]	腊肉 n->gms
[2016-07-17 18:58:27]	腊八粥 n->gms
[2016-07-17 18:58:27]	派 n->gms
[2016-07-17 18:58:27]	窝窝头 n->gms
[2016-07-17 18:58:27]	阳春面 n->gms
[2016-07-17 18:58:27]	葱花饼 n->gms
[2016-07-17 18:58:27]	酸梅汤 n->gms
[2016-07-17 18:58:27]	熘肝尖 n->gms
[2016-07-17 18:58:27]	辣椒酱 n->gms
[2016-07-17 18:58:27]	八宝粥 n->gms
[2016-07-17 18:58:27]	锅贴 n->gms
[2016-07-17 18:58:27]	爆米花 n->gms
[2016-07-17 18:58:27]	烤鸭 n->gms
[2016-07-17 18:58:27]	烤羊肉串 n->gms
[2016-07-17 18:58:27]	面茶 n->gms
[2016-07-17 18:58:27]	烤羊肉串 n->gms
[2016-07-17 18:58:27]	热气球 n->gjtgj
[2016-07-17 18:58:27]	班机 n->gjtgj
[2016-07-17 18:58:27]	班轮 n->gjtgj
[2016-07-17 18:58:27]	出租汽车 nl->gjtgj
[2016-07-17 18:58:27]	船 n->gjtgj
[2016-07-17 18:58:27]	大客车 n->gjtgj
[2016-07-17 18:58:27]	地铁 n->gjtgj
[2016-07-17 18:58:27]	电车 n->gjtgj
[2016-07-17 18:58:27]	帆船 n->gjtgj
[2016-07-17 18:58:27]	飞机 n->gjtgj
[2016-07-17 18:58:27]	火车 n->gjtgj
[2016-07-17 18:58:27]	救生圈 n->gjtgj
[2016-07-17 18:58:27]	救生艇 n->gjtgj
[2016-07-17 18:58:27]	客机 n->gjtgj
[2016-07-17 18:58:27]	喷气机 n->gjtgj
[2016-07-17 18:58:27]	气垫船 n->gjtgj
[2016-07-17 18:58:27]	无轨电车 nl->gjtgj
[2016-07-17 18:58:27]	邮轮 n->gjtgj
[2016-07-17 18:58:27]	游船 n->gjtgj
[2016-07-17 18:58:27]	轮船 n->gjtgj
